<?xml version="1.0" encoding="UTF-8"?>
<testng-results ignored="0" total="1" passed="1" failed="0" skipped="0">
  <reporter-output>
  </reporter-output>
  <suite started-at="2022-01-27T11:53:07 IST" name="Default suite" finished-at="2022-01-27T11:53:32 IST" duration-ms="24905">
    <groups>
    </groups>
    <test started-at="2022-01-27T11:53:07 IST" name="Default test" finished-at="2022-01-27T11:53:32 IST" duration-ms="24905">
      <class name="Demo.Webdriver_Open">
        <test-method signature="m1()[pri:0, instance:Demo.Webdriver_Open@74751b3]" started-at="2022-01-27T11:53:07 IST" name="m1" finished-at="2022-01-27T11:53:32 IST" duration-ms="24865" status="PASS">
          <reporter-output>
          </reporter-output>
        </test-method> <!-- m1 -->
      </class> <!-- Demo.Webdriver_Open -->
    </test> <!-- Default test -->
  </suite> <!-- Default suite -->
</testng-results>
